\BOOKMARK [1][-]{chapter*.2}{\376\377\000\040\000D\000\351\000d\000i\000c\000a\000c\000e\000s\000\040}{}% 1
\BOOKMARK [1][-]{chapter*.3}{\376\377\000\040\000R\000e\000m\000e\000r\000c\000i\000e\000m\000e\000n\000t\000s\000\040}{}% 2
\BOOKMARK [1][-]{chapter*.3}{\376\377\000\040\000T\000a\000b\000l\000e\000\040\000d\000e\000\040\000m\000a\000t\000i\000\350\000r\000e\000s\000\040}{}% 3
\BOOKMARK [1][-]{chapter*.5}{\376\377\000\040\000L\000i\000s\000t\000\040\000o\000f\000\040\000S\000y\000m\000b\000o\000l\000s\000\040}{}% 4
\BOOKMARK [1][-]{chapter*.6}{\376\377\000\040\000L\000i\000s\000t\000\040\000o\000f\000\040\000A\000c\000r\000o\000n\000y\000m\000s\000\040}{}% 5
\BOOKMARK [1][-]{chapter*.6}{\376\377\000\040\000L\000i\000s\000t\000\040\000o\000f\000\040\000T\000a\000b\000l\000e\000s\000\040}{}% 6
\BOOKMARK [1][-]{section*.7}{\376\377\000\040\000L\000i\000s\000t\000\040\000o\000f\000\040\000F\000i\000g\000u\000r\000e\000s\000\040}{}% 7
\BOOKMARK [1][-]{chapter*.9}{\376\377\000\040\000R\000\351\000s\000u\000m\000\351\000\040}{}% 8
\BOOKMARK [1][-]{chapter*.11}{\376\377\000\040\000A\000b\000s\000t\000r\000a\000c\000t\000\040}{}% 9
\BOOKMARK [0][-]{chapter*.12}{\376\377\000\040\000I\000n\000t\000r\000o\000d\000u\000c\000t\000i\000o\000n\000\040}{}% 10
\BOOKMARK [1][-]{section*.13}{\376\377\000\040\000L\000e\000\040\000c\000o\000n\000t\000e\000x\000t\000e\000\040\000d\000u\000\040\000t\000r\000a\000v\000a\000i\000l\000\040}{chapter*.12}% 11
\BOOKMARK [1][-]{section*.14}{\376\377\000\040\000L\000a\000\040\000p\000r\000o\000b\000l\000\351\000m\000a\000t\000i\000q\000u\000e\000\040\000\351\000t\000u\000d\000i\000\351\000e\000\040}{chapter*.12}% 12
\BOOKMARK [1][-]{section*.15}{\376\377\000\040\000O\000b\000j\000e\000c\000t\000i\000f\000\040}{chapter*.12}% 13
\BOOKMARK [1][-]{section*.16}{\376\377\000\040\000P\000l\000a\000n\000\040\000d\000e\000\040\000n\000o\000t\000r\000e\000\040\000t\000r\000a\000v\000a\000i\000l\000\040}{chapter*.12}% 14
\BOOKMARK [-1][-]{part.1}{\376\377\000I\000\040\000A\000\040\000p\000a\000r\000t}{}% 15
\BOOKMARK [0][-]{chapter.1}{\376\377\000I\000\040\000G\000\351\000n\000\351\000r\000a\000l\000i\000t\000\351\000\040\000s\000u\000r\000\040\000l\000a\000\040\000s\000\351\000c\000u\000r\000i\000t\000\351\000\040\000d\000e\000s\000\040\000s\000y\000s\000t\000\350\000m\000e\000s\000\040\000d\000'\000i\000n\000f\000o\000r\000m\000a\000t\000i\000o\000n}{part.1}% 16
\BOOKMARK [1][-]{section.1.1}{\376\377\000I\000.\0001\000\040\000I\000n\000t\000r\000o\000d\000u\000c\000t\000i\000o\000n}{chapter.1}% 17
\BOOKMARK [1][-]{section.1.2}{\376\377\000I\000.\0002\000\040\000S\000\351\000c\000u\000r\000i\000t\000\351\000\040\000d\000e\000s\000\040\000s\000y\000s\000t\000\350\000m\000e\000s\000\040\000d\000'\000i\000n\000f\000o\000r\000m\000a\000t\000i\000o\000n}{chapter.1}% 18
\BOOKMARK [2][-]{subsection.1.2.1}{\376\377\000I\000.\0002\000.\0001\000\040\000D\000\351\000f\000i\000n\000i\000t\000i\000o\000n\000\040\000d\000e\000\040\000l\000a\000\040\000s\000\351\000c\000u\000r\000i\000t\000\351}{section.1.2}% 19
\BOOKMARK [2][-]{subsection.1.2.2}{\376\377\000I\000.\0002\000.\0002\000\040\000C\000o\000n\000f\000i\000d\000e\000n\000t\000i\000a\000l\000i\000t\000\351}{section.1.2}% 20
\BOOKMARK [2][-]{subsection.1.2.3}{\376\377\000I\000.\0002\000.\0003\000\040\000I\000n\000t\000\351\000g\000r\000i\000t\000\351}{section.1.2}% 21
\BOOKMARK [2][-]{subsection.1.2.4}{\376\377\000I\000.\0002\000.\0004\000\040\000D\000i\000s\000p\000o\000n\000i\000b\000i\000l\000i\000t\000\351}{section.1.2}% 22
\BOOKMARK [1][-]{section.1.3}{\376\377\000I\000.\0003\000\040\000C\000o\000n\000t\000r\000\364\000l\000e\000\040\000d\000'\000a\000c\000c\000\350\000s}{chapter.1}% 23
\BOOKMARK [2][-]{subsection.1.3.1}{\376\377\000I\000.\0003\000.\0001\000\040\000D\000\351\000f\000i\000n\000i\000t\000i\000o\000n\000\040\000d\000u\000\040\000c\000o\000n\000t\000r\000\364\000l\000e\000\040\000d\000'\000a\000c\000c\000\350\000s}{section.1.3}% 24
\BOOKMARK [2][-]{subsection.1.3.2}{\376\377\000I\000.\0003\000.\0002\000\040\000L\000e\000\040\000c\000o\000n\000t\000r\000\364\000l\000e\000\040\000d\000'\000a\000c\000c\000\350\000s\000\040\000e\000t\000\040\000l\000e\000s\000\040\000a\000u\000t\000r\000e\000s\000\040\000s\000e\000r\000v\000i\000c\000e\000s}{section.1.3}% 25
\BOOKMARK [2][-]{subsection.1.3.3}{\376\377\000I\000.\0003\000.\0003\000\040\000P\000o\000l\000i\000t\000i\000q\000u\000e\000\040\000d\000e\000\040\000s\000\351\000c\000u\000r\000i\000t\000\351}{section.1.3}% 26
\BOOKMARK [2][-]{subsection.1.3.4}{\376\377\000I\000.\0003\000.\0004\000\040\000C\000o\000n\000c\000l\000u\000s\000i\000o\000n}{section.1.3}% 27
\BOOKMARK [0][-]{chapter.2}{\376\377\000I\000I\000\040\000\351\000t\000a\000t\000\040\000d\000e\000\040\000l\000'\000a\000r\000t\000\040\000s\000u\000r\000\040\000l\000e\000s\000\040\000p\000o\000l\000i\000t\000i\000q\000u\000e\000s\000\040\000e\000t\000\040\000m\000o\000d\000\350\000l\000e\000s\000\040\000d\000e\000\040\000c\000o\000n\000t\000r\000\364\000l\000e\000\040\000d\000'\000a\000c\000c\000\350\000s}{part.1}% 28
\BOOKMARK [1][-]{subsection.2.0.1}{\376\377\000I\000I\000.\0000\000.\0001\000\040\000I\000n\000t\000r\000o\000d\000u\000c\000t\000i\000o\000n}{chapter.2}% 29
\BOOKMARK [1][-]{section.2.1}{\376\377\000I\000I\000.\0001\000\040\000P\000o\000l\000i\000t\000i\000q\000u\000e\000s\000\040\000e\000t\000\040\000m\000o\000d\000\350\000l\000e\000s\000\040\000d\000e\000\040\000c\000o\000n\000t\000r\000\364\000l\000e\000\040\000d\000'\000a\000c\000c\000\350\000s\000\040\000d\000i\000s\000c\000r\000\351\000t\000i\000o\000n\000n\000a\000i\000r\000e\000s\000\040\000\050\000D\000A\000C\000\051}{chapter.2}% 30
\BOOKMARK [2][-]{subsection.2.1.1}{\376\377\000I\000I\000.\0001\000.\0001\000\040\000M\000o\000d\000\350\000l\000e\000\040\000d\000e\000\040\000m\000a\000t\000r\000i\000c\000e\000\040\000d\000'\000a\000c\000c\000\350\000s}{section.2.1}% 31
\BOOKMARK [2][-]{subsection.2.1.2}{\376\377\000I\000I\000.\0001\000.\0002\000\040\000I\000m\000p\000l\000\351\000m\000e\000n\000t\000a\000t\000i\000o\000n\000\040\000d\000e\000s\000\040\000p\000o\000l\000i\000t\000i\000q\000u\000e\000s\000\040\000d\000i\000s\000c\000r\000\351\000t\000i\000o\000n\000n\000a\000i\000r\000e\000s}{section.2.1}% 32
\BOOKMARK [3][-]{subsubsection.2.1.2.1}{\376\377\000I\000I\000.\0001\000.\0002\000.\0001\000\040\000L\000i\000s\000t\000e\000\040\000d\000e\000\040\000c\000o\000n\000t\000r\000\364\000l\000e\000\040\000d\000'\000a\000c\000c\000\350\000s}{subsection.2.1.2}% 33
\BOOKMARK [3][-]{subsubsection.2.1.2.2}{\376\377\000I\000I\000.\0001\000.\0002\000.\0002\000\040\000L\000e\000s\000\040\000c\000a\000p\000a\000c\000i\000t\000\351\000s}{subsection.2.1.2}% 34
\BOOKMARK [2][-]{subsection.2.1.3}{\376\377\000I\000I\000.\0001\000.\0003\000\040\000V\000u\000l\000n\000\351\000r\000a\000b\000i\000l\000i\000t\000\351\000\040\000d\000e\000s\000\040\000p\000o\000l\000i\000t\000i\000q\000u\000e\000s\000\040\000d\000i\000s\000c\000r\000\351\000t\000i\000o\000n\000n\000a\000i\000r\000e}{section.2.1}% 35
\BOOKMARK [1][-]{section.2.2}{\376\377\000I\000I\000.\0002\000\040\000P\000o\000l\000i\000t\000i\000q\000u\000e\000s\000\040\000e\000t\000\040\000m\000o\000d\000\350\000l\000e\000s\000\040\000d\000e\000\040\000c\000o\000n\000t\000r\000\364\000l\000e\000\040\000d\000'\000a\000c\000c\000\350\000s\000\040\000o\000b\000l\000i\000g\000a\000t\000o\000i\000r\000e\000\040\000\050\000M\000A\000C\000\051}{chapter.2}% 36
\BOOKMARK [2][-]{subsection.2.2.1}{\376\377\000I\000I\000.\0002\000.\0001\000\040\000V\000u\000l\000n\000\351\000r\000a\000b\000i\000l\000i\000t\000\351\000\040\000d\000e\000s\000\040\000p\000o\000l\000i\000t\000i\000q\000u\000e\000s\000\040\000O\000b\000l\000i\000g\000a\000t\000o\000i\000r\000e}{section.2.2}% 37
\BOOKMARK [1][-]{section.2.3}{\376\377\000I\000I\000.\0003\000\040\000P\000o\000l\000i\000t\000i\000q\000u\000e\000s\000\040\000e\000t\000\040\000m\000o\000d\000\350\000l\000e\000s\000\040\000d\000e\000\040\000c\000o\000n\000t\000r\000\364\000l\000e\000\040\000d\000'\000a\000c\000c\000\350\000s\000\040\000b\000a\000s\000\351\000s\000\040\000s\000u\000r\000\040\000l\000e\000s\000\040\000r\000\364\000l\000e\000s\000\040\000\050\000R\000B\000A\000C\000\051}{chapter.2}% 38
\BOOKMARK [2][-]{subsection.2.3.1}{\376\377\000I\000I\000.\0003\000.\0001\000\040\000C\000o\000m\000p\000o\000s\000a\000n\000t\000s\000\040\000p\000r\000i\000n\000c\000i\000p\000a\000u\000x\000\040\000d\000e\000\040\000R\000B\000A\000C}{section.2.3}% 39
\BOOKMARK [2][-]{subsection.2.3.2}{\376\377\000I\000I\000.\0003\000.\0002\000\040\000H\000i\000\351\000r\000a\000r\000c\000h\000i\000e\000\040\000d\000e\000s\000\040\000r\000\364\000l\000e\000s}{section.2.3}% 40
\BOOKMARK [2][-]{subsection.2.3.3}{\376\377\000I\000I\000.\0003\000.\0003\000\040\000N\000o\000t\000i\000o\000n\000\040\000d\000e\000\040\000s\000\351\000p\000a\000r\000a\000t\000i\000o\000n\000\040\000d\000e\000s\000\040\000t\000\342\000c\000h\000e\000s}{section.2.3}% 41
\BOOKMARK [2][-]{subsection.2.3.4}{\376\377\000I\000I\000.\0003\000.\0004\000\040\000A\000v\000a\000n\000t\000a\000g\000e\000s\000\040\000d\000u\000\040\000m\000o\000d\000\350\000l\000e\000\040\000R\000B\000A\000C}{section.2.3}% 42
\BOOKMARK [2][-]{subsection.2.3.5}{\376\377\000I\000I\000.\0003\000.\0005\000\040\000I\000n\000c\000o\000n\000v\000\351\000n\000i\000e\000n\000t\000\040\000d\000u\000\040\000m\000o\000d\000\350\000l\000e\000\040\000R\000B\000A\000C}{section.2.3}% 43
\BOOKMARK [1][-]{section.2.4}{\376\377\000I\000I\000.\0004\000\040\000P\000o\000l\000i\000t\000i\000q\000u\000e\000s\000\040\000e\000t\000\040\000m\000o\000d\000\350\000l\000e\000s\000\040\000d\000e\000\040\000c\000o\000n\000t\000r\000\364\000l\000e\000\040\000d\000'\000a\000c\000c\000\350\000s\000\040\000b\000a\000s\000\351\000\040\000s\000u\000r\000\040\000l\000e\000s\000\040\000o\000r\000g\000a\000n\000i\000s\000a\000t\000i\000o\000n\000s\000\040\000\050\000O\000R\000B\000A\000C\000\051}{chapter.2}% 44
\BOOKMARK [2][-]{subsection.2.4.1}{\376\377\000I\000I\000.\0004\000.\0001\000\040\000R\000e\000l\000a\000t\000i\000o\000n\000s\000\040\000e\000x\000i\000s\000t\000a\000n\000t\000e\000s\000\040\000e\000n\000t\000r\000e\000\040\000l\000e\000s\000\040\000e\000n\000t\000i\000t\000\351\000s\000\040\000d\000u\000\040\000n\000i\000v\000e\000a\000u\000\040\000c\000o\000n\000c\000r\000e\000t\000\040\000e\000t\000\040\000l\000e\000s\000\040\000e\000n\000t\000i\000t\000\351\000s\000\040\000d\000u\000\040\000n\000i\000v\000e\000a\000u\000\040\000a\000b\000s\000t\000r\000a\000i\000t\000\040}{section.2.4}% 45
\BOOKMARK [2][-]{subsection.2.4.2}{\376\377\000I\000I\000.\0004\000.\0002\000\040\000L\000i\000m\000i\000t\000e\000s\000\040\000d\000u\000\040\000m\000o\000d\000\350\000l\000e\000\040\000O\000r\000-\000B\000A\000C}{section.2.4}% 46
\BOOKMARK [1][-]{section.2.5}{\376\377\000I\000I\000.\0005\000\040\000P\000o\000l\000i\000t\000i\000q\000u\000e\000s\000\040\000e\000t\000\040\000m\000o\000d\000\350\000l\000e\000s\000\040\000d\000e\000\040\000c\000o\000n\000t\000r\000\364\000l\000e\000\040\000d\000'\000a\000c\000c\000\350\000s\000\040\000b\000a\000s\000\351\000s\000\040\000s\000u\000r\000\040\000l\000e\000s\000\040\000a\000t\000t\000r\000i\000b\000u\000t\000s\000\040\000\050\000A\000B\000A\000C\000\051}{chapter.2}% 47
\BOOKMARK [2][-]{subsection.2.5.1}{\376\377\000I\000I\000.\0005\000.\0001\000\040\000L\000e\000s\000\040\000p\000r\000i\000n\000c\000i\000p\000a\000u\000x\000\040\000c\000o\000m\000p\000o\000s\000a\000n\000t\000s\000\040\000d\000'\000A\000B\000A\000C}{section.2.5}% 48
\BOOKMARK [2][-]{subsection.2.5.2}{\376\377\000I\000I\000.\0005\000.\0002\000\040\000A\000r\000c\000h\000i\000t\000e\000c\000t\000u\000r\000e\000\040\000d\000e\000\040\000f\000o\000n\000c\000t\000i\000o\000n\000n\000e\000m\000e\000n\000t\000\040\000d\000u\000\040\000m\000o\000d\000\350\000l\000e\000\040\000A\000B\000A\000C}{section.2.5}% 49
\BOOKMARK [2][-]{subsection.2.5.3}{\376\377\000I\000I\000.\0005\000.\0003\000\040\000A\000v\000a\000n\000t\000a\000g\000e\000s\000\040\000d\000u\000\040\000m\000o\000d\000\350\000l\000e\000\040\000A\000B\000A\000C}{section.2.5}% 50
\BOOKMARK [2][-]{subsection.2.5.4}{\376\377\000I\000I\000.\0005\000.\0004\000\040\000I\000n\000c\000o\000n\000v\000\351\000n\000i\000e\000n\000t\000\040\000d\000u\000\040\000m\000o\000d\000\350\000l\000e\000\040\000A\000B\000A\000C}{section.2.5}% 51
\BOOKMARK [1][-]{section.2.6}{\376\377\000I\000I\000.\0006\000\040\000P\000o\000l\000i\000t\000i\000q\000u\000e\000s\000\040\000e\000t\000\040\000m\000o\000d\000\350\000l\000e\000s\000\040\000d\000e\000\040\000c\000o\000n\000t\000r\000\364\000l\000e\000\040\000d\000'\000a\000c\000c\000\350\000s\000\040\000b\000a\000s\000\351\000s\000\040\000s\000u\000r\000\040\000l\000e\000s\000\040\000r\000\364\000l\000e\000s\000\040\000a\000t\000t\000r\000i\000b\000u\000\351\000s}{chapter.2}% 52
\BOOKMARK [2][-]{subsection.2.6.1}{\376\377\000I\000I\000.\0006\000.\0001\000\040\000C\000r\000\351\000a\000t\000i\000o\000n\000\040\000a\000u\000t\000o\000m\000a\000t\000i\000q\000u\000e\000\040\000d\000e\000s\000\040\000p\000e\000r\000m\000i\000s\000s\000i\000o\000n\000s\000\040\000e\000n\000\040\000f\000o\000n\000c\000t\000i\000o\000n\000\040\000d\000e\000s\000\040\000n\000i\000v\000e\000a\000u\000x\000\040\000d\000'\000a\000c\000t\000i\000o\000n\000\040\000e\000t\000\040\000d\000e\000s\000\040\000c\000o\000n\000t\000e\000n\000e\000u\000r\000s\000\040\000d\000'\000o\000b\000j\000e\000t}{section.2.6}% 53
\BOOKMARK [2][-]{subsection.2.6.2}{\376\377\000I\000I\000.\0006\000.\0002\000\040\000A\000t\000t\000r\000i\000b\000u\000t\000i\000o\000n\000\040\000a\000u\000t\000o\000m\000a\000t\000i\000q\000u\000e\000\040\000d\000e\000s\000\040\000p\000e\000r\000m\000i\000s\000s\000i\000o\000n\000s\000\040\000a\000u\000x\000\040\000r\000\364\000l\000e\000s\000\040\000\340\000\040\000l\000'\000a\000i\000d\000e\000\040\000d\000e\000s\000\040\000a\000t\000t\000r\000i\000b\000u\000t\000s}{section.2.6}% 54
\BOOKMARK [2][-]{subsection.2.6.3}{\376\377\000I\000I\000.\0006\000.\0003\000\040\000D\000o\000m\000a\000i\000n\000e\000s\000\040\000d\000'\000a\000p\000p\000l\000i\000c\000a\000t\000i\000o\000n}{section.2.6}% 55
\BOOKMARK [2][-]{subsection.2.6.4}{\376\377\000I\000I\000.\0006\000.\0004\000\040\000I\000n\000c\000o\000n\000v\000\351\000n\000i\000e\000n\000t\000s}{section.2.6}% 56
\BOOKMARK [1][-]{section.2.7}{\376\377\000I\000I\000.\0007\000\040\000P\000o\000l\000i\000t\000i\000q\000u\000e\000s\000\040\000e\000t\000\040\000m\000o\000d\000\350\000l\000e\000s\000\040\000d\000e\000\040\000c\000o\000n\000t\000r\000\364\000l\000e\000\040\000d\000'\000a\000c\000c\000\350\000s\000\040\000b\000a\000s\000\351\000s\000\040\000s\000u\000r\000\040\000l\000e\000s\000\040\000r\000\364\000l\000e\000s\000\040\000a\000m\000\351\000l\000i\000o\000r\000\351\000s\000\040\000p\000a\000r\000\040\000l\000e\000s\000\040\000a\000t\000t\000r\000i\000b\000u\000t\000s\000\050\000A\000E\000R\000B\000A\000C\000\051}{chapter.2}% 57
\BOOKMARK [2][-]{subsection.2.7.1}{\376\377\000I\000I\000.\0007\000.\0001\000\040\000C\000o\000m\000p\000o\000s\000a\000n\000t\000s\000\040\000d\000u\000\040\000m\000o\000d\000\350\000l\000e\000\040\000A\000E\000R\000B\000A\000C}{section.2.7}% 58
\BOOKMARK [2][-]{subsection.2.7.2}{\376\377\000I\000I\000.\0007\000.\0002\000\040\000M\000o\000d\000\350\000l\000e\000\040\000f\000o\000r\000m\000e\000l\000\040\000A\000E\000R\000B\000A\000C}{section.2.7}% 59
\BOOKMARK [3][-]{subsubsection.2.7.2.1}{\376\377\000I\000I\000.\0007\000.\0002\000.\0001\000\040\000D\000\351\000c\000i\000s\000i\000o\000n\000\040\000d\000'\000a\000c\000c\000\350\000s}{subsection.2.7.2}% 60
\BOOKMARK [2][-]{subsection.2.7.3}{\376\377\000I\000I\000.\0007\000.\0003\000\040\000I\000n\000c\000o\000n\000v\000\351\000n\000i\000e\000n\000t\000s}{section.2.7}% 61
\BOOKMARK [1][-]{section.2.8}{\376\377\000I\000I\000.\0008\000\040\000P\000o\000l\000i\000t\000i\000q\000u\000e\000s\000\040\000e\000t\000\040\000m\000o\000d\000\350\000l\000e\000s\000\040\000d\000e\000\040\000c\000o\000n\000t\000r\000\364\000l\000e\000\040\000d\000'\000a\000c\000c\000\350\000s\000\040\000b\000a\000s\000\351\000s\000\040\000s\000u\000r\000\040\000l\000e\000s\000\040\000r\000\364\000l\000e\000s\000\040\000e\000t\000\040\000l\000e\000s\000\040\000a\000t\000t\000r\000i\000b\000u\000t\000s\000\050\000A\000R\000B\000A\000C\000\051}{chapter.2}% 62
\BOOKMARK [2][-]{subsection.2.8.1}{\376\377\000I\000I\000.\0008\000.\0001\000\040\000C\000o\000m\000p\000o\000s\000a\000n\000t\000s\000\040\000d\000u\000\040\000m\000o\000d\000\350\000l\000e\000\040\000A\000R\000B\000A\000C}{section.2.8}% 63
\BOOKMARK [2][-]{subsection.2.8.2}{\376\377\000I\000I\000.\0008\000.\0002\000\040\000A\000v\000a\000n\000t\000a\000g\000e\000s\000\040\000d\000u\000\040\000m\000o\000d\000\350\000l\000e\000\040\000A\000R\000B\000A\000C}{section.2.8}% 64
\BOOKMARK [2][-]{subsection.2.8.3}{\376\377\000I\000I\000.\0008\000.\0003\000\040\000I\000n\000c\000o\000n\000v\000\351\000n\000i\000e\000n\000t\000s\000\040\000d\000u\000\040\000m\000o\000d\000\350\000l\000e\000\040\000A\000R\000B\000A\000C}{section.2.8}% 65
\BOOKMARK [1][-]{section.2.9}{\376\377\000I\000I\000.\0009\000\040\000P\000o\000l\000i\000t\000i\000q\000u\000e\000s\000\040\000e\000t\000\040\000m\000o\000d\000\350\000l\000e\000s\000\040\000d\000e\000\040\000c\000o\000n\000t\000r\000\364\000l\000e\000\040\000d\000'\000a\000c\000c\000\350\000s\000\040\000b\000a\000s\000\351\000s\000\040\000s\000u\000r\000\040\000l\000a\000\040\000h\000i\000\351\000r\000a\000r\000c\000h\000i\000e\000\040\000o\000r\000g\000a\000n\000i\000s\000a\000t\000i\000o\000n\000n\000e\000l\000l\000e\000\040\000\050\000H\000O\000r\000-\000R\000B\000A\000C\000\051}{chapter.2}% 66
\BOOKMARK [2][-]{subsection.2.9.1}{\376\377\000I\000I\000.\0009\000.\0001\000\040\000C\000o\000m\000p\000o\000s\000a\000n\000t\000s\000\040\000d\000e\000\040\000b\000a\000s\000e\000\040\000d\000u\000\040\000m\000o\000d\000\350\000l\000e\000\040\000H\000O\000r\000-\000B\000A\000C}{section.2.9}% 67
\BOOKMARK [2][-]{subsection.2.9.2}{\376\377\000I\000I\000.\0009\000.\0002\000\040\000M\000o\000d\000e\000\040\000d\000e\000\040\000t\000r\000a\000i\000t\000e\000m\000e\000n\000t\000\040\000d\000'\000u\000n\000e\000\040\000r\000e\000q\000u\000\352\000t\000e\000\040\000d\000a\000n\000s\000\040\000H\000O\000r\000-\000B\000A\000C}{section.2.9}% 68
\BOOKMARK [2][-]{subsection.2.9.3}{\376\377\000I\000I\000.\0009\000.\0003\000\040\000P\000o\000l\000i\000t\000i\000q\000u\000e\000\040\000d\000e\000\040\000s\000\351\000c\000u\000r\000i\000t\000\351\000\040\000d\000u\000\040\000m\000o\000d\000\350\000l\000e\000\040\000H\000O\000r\000-\000B\000A\000C}{section.2.9}% 69
\BOOKMARK [2][-]{subsection.2.9.4}{\376\377\000I\000I\000.\0009\000.\0004\000\040\000A\000r\000c\000h\000i\000t\000e\000c\000t\000u\000r\000e\000\040\000d\000e\000\040\000f\000o\000n\000c\000t\000i\000o\000n\000n\000e\000m\000e\000n\000t\000\040\000d\000u\000\040\000m\000o\000d\000\350\000l\000e\000\040\000H\000O\000r\000-\000B\000A\000C\000:\000\040\000p\000a\000r\000a\000p\000h\000e\000u\000r\000\040\000\351\000l\000e\000c\000t\000r\000o\000n\000i\000q\000u\000e}{section.2.9}% 70
\BOOKMARK [2][-]{subsection.2.9.5}{\376\377\000I\000I\000.\0009\000.\0005\000\040\000I\000n\000c\000o\000n\000v\000\351\000n\000i\000e\000n\000t\000\040\000d\000u\000\040\000m\000o\000d\000\350\000l\000e\000\040\000H\000O\000r\000-\000B\000A\000C}{section.2.9}% 71
\BOOKMARK [1][-]{section.2.10}{\376\377\000I\000I\000.\0001\0000\000\040\000C\000o\000n\000c\000l\000u\000s\000i\000o\000n}{chapter.2}% 72
\BOOKMARK [-1][-]{part.2}{\376\377\000I\000I\000\040\000A\000n\000o\000t\000h\000e\000r\000\040\000p\000a\000r\000t}{}% 73
\BOOKMARK [0][-]{chapter.3}{\376\377\000I\000I\000I\000\040\000u\000n\000e\000\040\000a\000p\000p\000r\000o\000c\000h\000e\000\040\000o\000r\000i\000e\000n\000t\000\351\000e\000\040\000a\000t\000t\000r\000i\000b\000u\000t\000s\000\040\000p\000o\000u\000r\000\040\000l\000e\000\040\000c\000o\000n\000t\000r\000\364\000l\000e\000\040\000d\000'\000a\000c\000c\000\350\000s\000\040\000b\000a\000s\000\351\000\040\000s\000u\000r\000\040\000l\000a\000\040\000h\000i\000\351\000r\000a\000r\000c\000h\000i\000e\000\040\000o\000r\000g\000a\000n\000i\000s\000a\000t\000i\000o\000n\000n\000e\000l\000l\000e\000\040\000\050\000A\000H\000O\000r\000-\000B\000A\000C\000\051}{part.2}% 74
\BOOKMARK [1][-]{section.3.1}{\376\377\000I\000I\000I\000.\0001\000\040\000I\000n\000t\000r\000o\000d\000u\000c\000t\000i\000o\000n}{chapter.3}% 75
\BOOKMARK [1][-]{section.3.2}{\376\377\000I\000I\000I\000.\0002\000\040\000C\000o\000n\000c\000e\000p\000t\000s\000\040\000d\000e\000\040\000b\000a\000s\000e\000\040\000d\000u\000\040\000m\000o\000d\000\350\000l\000e\000\040\000A\000H\000O\000r\000-\000B\000A\000C}{chapter.3}% 76
\BOOKMARK [2][-]{subsection.3.2.1}{\376\377\000I\000I\000I\000.\0002\000.\0001\000\040\000O\000r\000g\000a\000n\000i\000s\000a\000t\000i\000o\000n}{section.3.2}% 77
\BOOKMARK [2][-]{subsection.3.2.2}{\376\377\000I\000I\000I\000.\0002\000.\0002\000\040\000E\000m\000p\000l\000o\000y\000\351\000\040\000M\000\351\000t\000i\000e\000r}{section.3.2}% 78
\BOOKMARK [2][-]{subsection.3.2.3}{\376\377\000I\000I\000I\000.\0002\000.\0003\000\040\000R\000e\000s\000s\000o\000u\000r\000c\000e}{section.3.2}% 79
\BOOKMARK [2][-]{subsection.3.2.4}{\376\377\000I\000I\000I\000.\0002\000.\0004\000\040\000R\000e\000q\000u\000\352\000t\000e}{section.3.2}% 80
\BOOKMARK [2][-]{subsection.3.2.5}{\376\377\000I\000I\000I\000.\0002\000.\0005\000\040\000U\000n\000i\000t\000\351\000\040\000o\000r\000g\000a\000n\000i\000s\000a\000t\000i\000o\000n\000n\000e\000l\000l\000e\000\040\000e\000t\000\040\000h\000i\000\351\000r\000a\000r\000c\000h\000i\000e\000\040\000o\000r\000g\000a\000n\000i\000s\000a\000t\000i\000o\000n\000n\000e\000l\000l\000e}{section.3.2}% 81
\BOOKMARK [3][-]{subsubsection.3.2.5.1}{\376\377\000I\000I\000I\000.\0002\000.\0005\000.\0001\000\040\000U\000n\000i\000t\000\351\000\040\000o\000p\000\351\000r\000a\000t\000i\000o\000n\000n\000e\000l\000l\000e}{subsection.3.2.5}% 82
\BOOKMARK [3][-]{subsubsection.3.2.5.2}{\376\377\000I\000I\000I\000.\0002\000.\0005\000.\0002\000\040\000U\000n\000i\000t\000\351\000\040\000a\000d\000m\000i\000n\000i\000s\000t\000r\000a\000t\000i\000v\000e}{subsection.3.2.5}% 83
\BOOKMARK [2][-]{subsection.3.2.6}{\376\377\000I\000I\000I\000.\0002\000.\0006\000\040\000S\000t\000r\000u\000c\000t\000u\000r\000e\000\040\000o\000r\000g\000a\000n\000i\000s\000a\000t\000i\000o\000n\000n\000e\000l\000l\000e}{section.3.2}% 84
\BOOKMARK [2][-]{subsection.3.2.7}{\376\377\000I\000I\000I\000.\0002\000.\0007\000\040\000C\000o\000n\000t\000e\000x\000t\000e}{section.3.2}% 85
\BOOKMARK [2][-]{subsection.3.2.8}{\376\377\000I\000I\000I\000.\0002\000.\0008\000\040\000M\000o\000d\000e\000\040\000d\000e\000\040\000t\000r\000a\000i\000t\000e\000m\000e\000n\000t}{section.3.2}% 86
\BOOKMARK [2][-]{subsection.3.2.9}{\376\377\000I\000I\000I\000.\0002\000.\0009\000\040\000R\000\350\000g\000l\000e\000s}{section.3.2}% 87
\BOOKMARK [1][-]{section.3.3}{\376\377\000I\000I\000I\000.\0003\000\040\000P\000r\000\351\000s\000e\000n\000t\000a\000t\000i\000o\000n\000\040\000d\000e\000s\000\040\000r\000e\000l\000a\000t\000i\000o\000n\000s\000\040\000d\000a\000n\000s\000\040\000A\000H\000O\000r\000-\000B\000A\000C}{chapter.3}% 88
\BOOKMARK [2][-]{subsection.3.3.1}{\376\377\000I\000I\000I\000.\0003\000.\0001\000\040\000E\000m\000p\000l\000o\000y\000\351\000\040\000m\000\351\000t\000i\000e\000r\000\040\000e\000t\000\040\000U\000n\000i\000t\000\351\000\040\000o\000p\000\351\000r\000a\000t\000i\000o\000n\000n\000e\000l\000l\000e}{section.3.3}% 89
\BOOKMARK [2][-]{subsection.3.3.2}{\376\377\000I\000I\000I\000.\0003\000.\0002\000\040\000E\000m\000p\000l\000o\000y\000\351\000\040\000m\000\351\000t\000i\000e\000r\000\040\000e\000t\000\040\000U\000n\000i\000t\000\351\000\040\000A\000d\000m\000i\000n\000i\000s\000t\000r\000a\000t\000i\000v\000e}{section.3.3}% 90
\BOOKMARK [2][-]{subsection.3.3.3}{\376\377\000I\000I\000I\000.\0003\000.\0003\000\040\000U\000n\000i\000t\000\351\000\040\000A\000d\000m\000i\000n\000i\000s\000t\000r\000a\000t\000i\000v\000e\000\040\000e\000t\000\040\000U\000n\000i\000t\000\351\000\040\000O\000p\000\351\000r\000a\000t\000i\000o\000n\000n\000e\000l\000l\000e}{section.3.3}% 91
\BOOKMARK [2][-]{subsection.3.3.4}{\376\377\000I\000I\000I\000.\0003\000.\0004\000\040\000U\000n\000i\000t\000\351\000\040\000A\000d\000m\000i\000n\000i\000s\000t\000r\000a\000t\000i\000v\000e\000\040\000e\000t\000\040\000U\000n\000i\000t\000\351\000\040\000A\000d\000m\000i\000n\000i\000s\000t\000r\000a\000t\000i\000v\000e}{section.3.3}% 92
\BOOKMARK [2][-]{subsection.3.3.5}{\376\377\000I\000I\000I\000.\0003\000.\0005\000\040\000L\000e\000s\000\040\000r\000e\000s\000s\000o\000u\000r\000c\000e\000s\000\040\000e\000t\000\040\000l\000e\000s\000\040\000v\000u\000e\000s}{section.3.3}% 93
\BOOKMARK [2][-]{subsection.3.3.6}{\376\377\000I\000I\000I\000.\0003\000.\0006\000\040\000L\000e\000s\000\040\000a\000c\000t\000i\000o\000n\000s\000\040\000e\000t\000\040\000l\000e\000s\000\040\000r\000e\000q\000u\000\352\000t\000e\000s}{section.3.3}% 94
\BOOKMARK [2][-]{subsection.3.3.7}{\376\377\000I\000I\000I\000.\0003\000.\0007\000\040\000L\000a\000\040\000r\000e\000l\000a\000t\000i\000o\000n\000\040\000d\000\351\000f\000i\000n\000i\000t}{section.3.3}% 95
\BOOKMARK [2][-]{subsection.3.3.8}{\376\377\000I\000I\000I\000.\0003\000.\0008\000\040\000P\000e\000r\000m\000i\000s\000s\000i\000o\000n\000s}{section.3.3}% 96
\BOOKMARK [2][-]{subsection.3.3.9}{\376\377\000I\000I\000I\000.\0003\000.\0009\000\040\000L\000e\000s\000\040\000r\000e\000l\000a\000t\000i\000o\000n\000s\000\040\000p\000e\000u\000t\000-\000s\000u\000g\000g\000\351\000r\000e\000r\000\040\000e\000t\000\040\000p\000e\000u\000t\000-\000t\000r\000a\000i\000t\000e\000r}{section.3.3}% 97
\BOOKMARK [2][-]{subsection.3.3.10}{\376\377\000I\000I\000I\000.\0003\000.\0001\0000\000\040\000A\000t\000t\000r\000i\000b\000u\000t\000i\000o\000n\000\040\000d\000e\000s\000\040\000R\000\350\000g\000l\000e\000s\000\040\000a\000u\000x\000\040\000P\000e\000r\000m\000i\000s\000s\000i\000o\000n\000s\000\040\000d\000e\000\040\000b\000a\000s\000\040\000n\000i\000v\000e\000a\000u}{section.3.3}% 98
\BOOKMARK [1][-]{section.3.4}{\376\377\000I\000I\000I\000.\0004\000\040\000A\000l\000g\000o\000r\000i\000t\000h\000m\000e\000\040\000d\000u\000\040\000p\000a\000r\000a\000p\000h\000e\000u\000r\000\040\000\351\000l\000e\000c\000t\000r\000o\000n\000i\000q\000u\000e}{chapter.3}% 99
\BOOKMARK [2][-]{subsection.3.4.1}{\376\377\000I\000I\000I\000.\0004\000.\0001\000\040\000L\000a\000\040\000p\000h\000a\000s\000e\000\040\000d\000'\000i\000n\000i\000t\000i\000a\000l\000i\000s\000a\000t\000i\000o\000n\000\040\000d\000u\000\040\000p\000a\000r\000a\000p\000h\000e\000u\000r\000\040\000\351\000l\000e\000c\000t\000r\000o\000n\000i\000q\000u\000e}{section.3.4}% 100
\BOOKMARK [2][-]{subsection.3.4.2}{\376\377\000I\000I\000I\000.\0004\000.\0002\000\040\000L\000a\000\040\000p\000h\000a\000s\000e\000\040\000d\000'\000\351\000m\000i\000s\000s\000i\000o\000n\000\040\000d\000'\000u\000n\000e\000\040\000r\000e\000q\000u\000\352\000t\000e\000\040\000d\000u\000\040\000p\000a\000r\000a\000p\000h\000e\000u\000r\000\040\000\351\000l\000e\000c\000t\000r\000o\000n\000i\000q\000u\000e}{section.3.4}% 101
\BOOKMARK [2][-]{subsection.3.4.3}{\376\377\000I\000I\000I\000.\0004\000.\0003\000\040\000L\000a\000\040\000p\000h\000a\000s\000e\000\040\000d\000e\000\040\000t\000r\000a\000i\000t\000e\000m\000e\000n\000t\000\040\000d\000'\000u\000n\000e\000\040\000r\000e\000q\000u\000\352\000t\000e\000\040\000d\000u\000\040\000p\000a\000r\000a\000p\000h\000e\000u\000r\000\040\000\351\000l\000e\000c\000t\000r\000o\000n\000i\000q\000u\000e}{section.3.4}% 102
\BOOKMARK [2][-]{subsection.3.4.4}{\376\377\000I\000I\000I\000.\0004\000.\0004\000\040\000\311\000t\000u\000d\000e\000\040\000d\000e\000\040\000c\000a\000s\000:\000\040\000s\000p\000\351\000c\000i\000f\000i\000c\000a\000t\000i\000o\000n\000\040\000d\000'\000u\000n\000e\000\040\000p\000o\000l\000i\000t\000i\000q\000u\000e\000\040\000d\000e\000\040\000s\000\351\000c\000u\000r\000i\000t\000\351\000\040\000a\000v\000e\000c\000\040\000A\000H\000O\000r\000-\000B\000A\000C}{section.3.4}% 103
\BOOKMARK [0][-]{chapter.4}{\376\377\000I\000V\000\040\000U\000n\000\040\000p\000r\000o\000t\000o\000t\000y\000p\000e\000\040\000d\000'\000\351\000d\000i\000t\000e\000u\000r\000\040\000c\000o\000o\000p\000\351\000r\000a\000t\000i\000f\000\040\000d\000\351\000s\000y\000n\000c\000h\000r\000o\000n\000i\000s\000\351\000\040\000\050\000T\000i\000n\000y\000C\000E\000\040\000v\0002\000\051}{part.2}% 104
\BOOKMARK [0][-]{chapter*.51}{\376\377\000\040\000C\000o\000n\000c\000l\000u\000s\000i\000o\000n\000\040\000g\000\351\000n\000\351\000r\000a\000l\000e\000\040}{part.2}% 105
\BOOKMARK [1][-]{section*.52}{\376\377\000\040\000L\000a\000\040\000p\000r\000o\000b\000l\000\351\000m\000a\000t\000i\000q\000u\000e\000\040\000\351\000t\000u\000d\000i\000\351\000e\000\040\000e\000t\000\040\000l\000e\000s\000\040\000c\000h\000o\000i\000x\000\040\000m\000\351\000t\000h\000o\000d\000o\000l\000o\000g\000i\000q\000u\000e\000s\000\040}{chapter*.51}% 106
\BOOKMARK [1][-]{section*.53}{\376\377\000\040\000A\000n\000a\000l\000y\000s\000e\000\040\000c\000r\000i\000t\000i\000q\000u\000e\000\040\000d\000e\000s\000\040\000r\000\351\000s\000u\000l\000t\000a\000t\000s\000\040\000o\000b\000t\000e\000n\000u\000s\000\040}{chapter*.51}% 107
\BOOKMARK [1][-]{section*.54}{\376\377\000\040\000Q\000u\000e\000l\000q\000u\000e\000s\000\040\000p\000e\000r\000s\000p\000e\000c\000t\000i\000v\000e\000s\000\040}{chapter*.51}% 108
\BOOKMARK [0][-]{chapter*.55}{\376\377\000B\000i\000b\000l\000i\000o\000g\000r\000a\000p\000h\000y}{part.2}% 109
\BOOKMARK [0][-]{appendix.A}{\376\377\000A\000\040\000U\000n\000\040\000a\000u\000t\000r\000e\000\040\000e\000x\000e\000m\000p\000l\000e\000\040\000c\000o\000m\000p\000l\000e\000t\000\040\000d\000e\000\040\000f\000u\000s\000i\000o\000n\000\040\000c\000o\000n\000s\000e\000n\000s\000u\000e\000l\000l\000e}{part.2}% 110
\BOOKMARK [0][-]{appendix.B}{\376\377\000B\000\040\000Q\000u\000e\000l\000q\000u\000e\000s\000\040\000f\000o\000n\000c\000t\000i\000o\000n\000s\000\040\000H\000a\000s\000k\000e\000l\000l\000\040\000p\000o\000u\000r\000\040\000l\000e\000\040\000c\000a\000l\000c\000u\000l\000\040\000d\000e\000s\000\040\000c\000o\000n\000s\000e\000n\000s\000u\000s}{part.2}% 111
